<?xml version="1.0" encoding="UTF-8"?>
<coverage generated="1609262152574" clover="3.2.0">
  <project timestamp="1609262152575" name="All files">
    <metrics statements="201" coveredstatements="179" conditionals="71" coveredconditionals="53" methods="52" coveredmethods="43" elements="324" coveredelements="275" complexity="0" loc="201" ncloc="201" packages="3" files="7" classes="7"/>
    <package name="miniupl">
      <metrics statements="24" coveredstatements="21" conditionals="10" coveredconditionals="7" methods="7" coveredmethods="4"/>
      <file name="index.js" path="E:\00_dev\miniupl\index.js">
        <metrics statements="24" coveredstatements="21" conditionals="10" coveredconditionals="7" methods="7" coveredmethods="4"/>
        <line num="1" count="1" type="stmt"/>
        <line num="2" count="1" type="stmt"/>
        <line num="3" count="1" type="stmt"/>
        <line num="4" count="1" type="stmt"/>
        <line num="6" count="1" type="stmt"/>
        <line num="8" count="3" type="cond" truecount="2" falsecount="0"/>
        <line num="9" count="3" type="stmt"/>
        <line num="13" count="2" type="stmt"/>
        <line num="14" count="2" type="cond" truecount="2" falsecount="0"/>
        <line num="15" count="1" type="stmt"/>
        <line num="17" count="2" type="cond" truecount="1" falsecount="1"/>
        <line num="18" count="0" type="stmt"/>
        <line num="23" count="6" type="cond" truecount="1" falsecount="1"/>
        <line num="24" count="0" type="stmt"/>
        <line num="26" count="6" type="stmt"/>
        <line num="36" count="1" type="stmt"/>
        <line num="37" count="1" type="stmt"/>
        <line num="38" count="1" type="stmt"/>
        <line num="39" count="1" type="stmt"/>
        <line num="40" count="1" type="stmt"/>
        <line num="44" count="1" type="cond" truecount="1" falsecount="1"/>
        <line num="45" count="0" type="stmt"/>
        <line num="47" count="1" type="stmt"/>
        <line num="48" count="1" type="stmt"/>
      </file>
    </package>
    <package name="miniupl.src">
      <metrics statements="131" coveredstatements="114" conditionals="41" coveredconditionals="29" methods="36" coveredmethods="30"/>
      <file name="BaseUpload.js" path="E:\00_dev\miniupl\src\BaseUpload.js">
        <metrics statements="50" coveredstatements="43" conditionals="17" coveredconditionals="13" methods="17" coveredmethods="11"/>
        <line num="1" count="4" type="stmt"/>
        <line num="2" count="4" type="stmt"/>
        <line num="3" count="4" type="stmt"/>
        <line num="4" count="4" type="stmt"/>
        <line num="6" count="6" type="stmt"/>
        <line num="7" count="6" type="stmt"/>
        <line num="15" count="9" type="cond" truecount="2" falsecount="0"/>
        <line num="16" count="6" type="stmt"/>
        <line num="17" count="6" type="stmt"/>
        <line num="19" count="3" type="stmt"/>
        <line num="34" count="10" type="stmt"/>
        <line num="35" count="10" type="cond" truecount="2" falsecount="0"/>
        <line num="36" count="6" type="stmt"/>
        <line num="38" count="4" type="cond" truecount="1" falsecount="1"/>
        <line num="70" count="2" type="stmt"/>
        <line num="86" count="18" type="cond" truecount="3" falsecount="0"/>
        <line num="96" count="18" type="stmt"/>
        <line num="97" count="18" type="cond" truecount="1" falsecount="1"/>
        <line num="98" count="0" type="stmt"/>
        <line num="101" count="18" type="stmt"/>
        <line num="102" count="18" type="cond" truecount="1" falsecount="1"/>
        <line num="103" count="0" type="stmt"/>
        <line num="106" count="18" type="stmt"/>
        <line num="107" count="18" type="stmt"/>
        <line num="108" count="18" type="stmt"/>
        <line num="110" count="12" type="stmt"/>
        <line num="111" count="12" type="stmt"/>
        <line num="114" count="0" type="stmt"/>
        <line num="115" count="0" type="stmt"/>
        <line num="126" count="1" type="stmt"/>
        <line num="127" count="1" type="stmt"/>
        <line num="128" count="1" type="stmt"/>
        <line num="129" count="6" type="stmt"/>
        <line num="130" count="6" type="stmt"/>
        <line num="132" count="0" type="stmt"/>
        <line num="135" count="1" type="stmt"/>
        <line num="136" count="1" type="stmt"/>
        <line num="146" count="2" type="stmt"/>
        <line num="147" count="2" type="stmt"/>
        <line num="148" count="2" type="stmt"/>
        <line num="149" count="12" type="stmt"/>
        <line num="159" count="3" type="cond" truecount="1" falsecount="1"/>
        <line num="160" count="0" type="stmt"/>
        <line num="161" count="0" type="stmt"/>
        <line num="163" count="3" type="stmt"/>
        <line num="164" count="3" type="stmt"/>
        <line num="165" count="3" type="cond" truecount="2" falsecount="0"/>
        <line num="166" count="2" type="stmt"/>
        <line num="168" count="1" type="stmt"/>
        <line num="170" count="2" type="stmt"/>
      </file>
      <file name="ftp.js" path="E:\00_dev\miniupl\src\ftp.js">
        <metrics statements="39" coveredstatements="35" conditionals="14" coveredconditionals="9" methods="11" coveredmethods="11"/>
        <line num="1" count="2" type="stmt"/>
        <line num="2" count="2" type="stmt"/>
        <line num="3" count="2" type="stmt"/>
        <line num="4" count="2" type="stmt"/>
        <line num="5" count="2" type="stmt"/>
        <line num="9" count="3" type="stmt"/>
        <line num="10" count="3" type="stmt"/>
        <line num="14" count="17" type="cond" truecount="2" falsecount="0"/>
        <line num="15" count="3" type="stmt"/>
        <line num="17" count="17" type="stmt"/>
        <line num="21" count="6" type="cond" truecount="2" falsecount="0"/>
        <line num="22" count="6" type="stmt"/>
        <line num="23" count="6" type="stmt"/>
        <line num="24" count="6" type="stmt"/>
        <line num="25" count="12" type="cond" truecount="2" falsecount="0"/>
        <line num="27" count="6" type="stmt"/>
        <line num="31" count="2" type="stmt"/>
        <line num="32" count="2" type="stmt"/>
        <line num="33" count="2" type="stmt"/>
        <line num="34" count="2" type="stmt"/>
        <line num="35" count="2" type="stmt"/>
        <line num="36" count="2" type="stmt"/>
        <line num="38" count="0" type="cond" truecount="0" falsecount="2"/>
        <line num="39" count="0" type="stmt"/>
        <line num="40" count="0" type="stmt"/>
        <line num="45" count="12" type="cond" truecount="1" falsecount="1"/>
        <line num="46" count="0" type="stmt"/>
        <line num="48" count="12" type="stmt"/>
        <line num="49" count="12" type="stmt"/>
        <line num="51" count="6" type="cond" truecount="1" falsecount="1"/>
        <line num="54" count="12" type="stmt"/>
        <line num="58" count="12" type="stmt"/>
        <line num="59" count="12" type="stmt"/>
        <line num="62" count="6" type="cond" truecount="1" falsecount="1"/>
        <line num="68" count="1" type="stmt"/>
        <line num="69" count="1" type="stmt"/>
        <line num="70" count="1" type="stmt"/>
        <line num="71" count="1" type="stmt"/>
        <line num="75" count="2" type="stmt"/>
      </file>
      <file name="sftp.js" path="E:\00_dev\miniupl\src\sftp.js">
        <metrics statements="42" coveredstatements="36" conditionals="10" coveredconditionals="7" methods="8" coveredmethods="8"/>
        <line num="1" count="2" type="stmt"/>
        <line num="2" count="2" type="stmt"/>
        <line num="3" count="2" type="stmt"/>
        <line num="4" count="2" type="stmt"/>
        <line num="5" count="2" type="stmt"/>
        <line num="8" count="2" type="stmt"/>
        <line num="9" count="2" type="stmt"/>
        <line num="13" count="9" type="cond" truecount="2" falsecount="0"/>
        <line num="14" count="2" type="stmt"/>
        <line num="16" count="9" type="stmt"/>
        <line num="20" count="5" type="cond" truecount="2" falsecount="0"/>
        <line num="21" count="5" type="stmt"/>
        <line num="22" count="5" type="stmt"/>
        <line num="23" count="5" type="stmt"/>
        <line num="24" count="20" type="cond" truecount="2" falsecount="0"/>
        <line num="26" count="5" type="stmt"/>
        <line num="30" count="1" type="stmt"/>
        <line num="31" count="1" type="stmt"/>
        <line num="32" count="1" type="stmt"/>
        <line num="33" count="1" type="stmt"/>
        <line num="34" count="1" type="stmt"/>
        <line num="35" count="1" type="stmt"/>
        <line num="36" count="1" type="stmt"/>
        <line num="37" count="1" type="stmt"/>
        <line num="39" count="0" type="stmt"/>
        <line num="40" count="0" type="stmt"/>
        <line num="41" count="0" type="stmt"/>
        <line num="46" count="6" type="cond" truecount="1" falsecount="1"/>
        <line num="47" count="0" type="stmt"/>
        <line num="49" count="6" type="stmt"/>
        <line num="50" count="6" type="stmt"/>
        <line num="51" count="6" type="stmt"/>
        <line num="52" count="6" type="stmt"/>
        <line num="54" count="0" type="cond" truecount="0" falsecount="2"/>
        <line num="55" count="0" type="stmt"/>
        <line num="60" count="6" type="stmt"/>
        <line num="61" count="6" type="stmt"/>
        <line num="65" count="1" type="stmt"/>
        <line num="66" count="1" type="stmt"/>
        <line num="67" count="1" type="stmt"/>
        <line num="68" count="1" type="stmt"/>
        <line num="72" count="2" type="stmt"/>
      </file>
    </package>
    <package name="miniupl.utils">
      <metrics statements="46" coveredstatements="44" conditionals="20" coveredconditionals="17" methods="9" coveredmethods="9"/>
      <file name="defaults.js" path="E:\00_dev\miniupl\utils\defaults.js">
        <metrics statements="2" coveredstatements="2" conditionals="0" coveredconditionals="0" methods="0" coveredmethods="0"/>
        <line num="1" count="4" type="stmt"/>
        <line num="22" count="4" type="stmt"/>
      </file>
      <file name="fileHandler.js" path="E:\00_dev\miniupl\utils\fileHandler.js">
        <metrics statements="40" coveredstatements="38" conditionals="20" coveredconditionals="17" methods="9" coveredmethods="9"/>
        <line num="1" count="4" type="stmt"/>
        <line num="2" count="4" type="stmt"/>
        <line num="3" count="4" type="stmt"/>
        <line num="4" count="4" type="stmt"/>
        <line num="7" count="113" type="stmt"/>
        <line num="16" count="59" type="cond" truecount="2" falsecount="0"/>
        <line num="17" count="4" type="stmt"/>
        <line num="19" count="55" type="stmt"/>
        <line num="28" count="49" type="cond" truecount="2" falsecount="0"/>
        <line num="29" count="7" type="stmt"/>
        <line num="31" count="42" type="stmt"/>
        <line num="40" count="6" type="cond" truecount="2" falsecount="0"/>
        <line num="41" count="2" type="stmt"/>
        <line num="43" count="4" type="stmt"/>
        <line num="53" count="16" type="stmt"/>
        <line num="54" count="16" type="cond" truecount="3" falsecount="1"/>
        <line num="55" count="0" type="stmt"/>
        <line num="57" count="16" type="stmt"/>
        <line num="58" count="32" type="stmt"/>
        <line num="59" count="32" type="stmt"/>
        <line num="61" count="32" type="cond" truecount="2" falsecount="0"/>
        <line num="62" count="12" type="stmt"/>
        <line num="64" count="20" type="stmt"/>
        <line num="70" count="16" type="stmt"/>
        <line num="80" count="4" type="cond" truecount="3" falsecount="1"/>
        <line num="81" count="0" type="stmt"/>
        <line num="83" count="4" type="stmt"/>
        <line num="84" count="4" type="stmt"/>
        <line num="85" count="4" type="stmt"/>
        <line num="86" count="4" type="stmt"/>
        <line num="87" count="4" type="stmt"/>
        <line num="88" count="8" type="cond" truecount="2" falsecount="0"/>
        <line num="89" count="4" type="stmt"/>
        <line num="91" count="4" type="stmt"/>
        <line num="92" count="4" type="stmt"/>
        <line num="98" count="4" type="stmt"/>
        <line num="108" count="4" type="stmt"/>
        <line num="109" count="4" type="stmt"/>
        <line num="110" count="4" type="cond" truecount="1" falsecount="1"/>
        <line num="115" count="4" type="stmt"/>
      </file>
      <file name="logger.js" path="E:\00_dev\miniupl\utils\logger.js">
        <metrics statements="4" coveredstatements="4" conditionals="0" coveredconditionals="0" methods="0" coveredmethods="0"/>
        <line num="1" count="5" type="stmt"/>
        <line num="2" count="5" type="stmt"/>
        <line num="3" count="5" type="stmt"/>
        <line num="4" count="5" type="stmt"/>
      </file>
    </package>
  </project>
</coverage>
