{"E:\\00_dev\\miniupl\\index.js": {"path":"E:\\00_dev\\miniupl\\index.js","statementMap":{"0":{"start":{"line":2,"column":13},"end":{"line":2,"column":34}},"1":{"start":{"line":3,"column":12},"end":{"line":3,"column":32}},"2":{"start":{"line":4,"column":15},"end":{"line":4,"column":40}},"3":{"start":{"line":6,"column":20},"end":{"line":9,"column":1}},"4":{"start":{"line":13,"column":8},"end":{"line":13,"column":35}},"5":{"start":{"line":14,"column":8},"end":{"line":14,"column":39}},"6":{"start":{"line":18,"column":25},"end":{"line":18,"column":36}},"7":{"start":{"line":19,"column":8},"end":{"line":21,"column":9}},"8":{"start":{"line":20,"column":12},"end":{"line":20,"column":30}},"9":{"start":{"line":22,"column":21},"end":{"line":22,"column":61}},"10":{"start":{"line":23,"column":8},"end":{"line":23,"column":24}},"11":{"start":{"line":27,"column":0},"end":{"line":31,"column":2}}},"fnMap":{"0":{"name":"(anonymous_0)","decl":{"start":{"line":12,"column":4},"end":{"line":12,"column":5}},"loc":{"start":{"line":12,"column":24},"end":{"line":15,"column":5}},"line":12},"1":{"name":"(anonymous_1)","decl":{"start":{"line":17,"column":4},"end":{"line":17,"column":5}},"loc":{"start":{"line":17,"column":14},"end":{"line":24,"column":5}},"line":17}},"branchMap":{"0":{"loc":{"start":{"line":13,"column":22},"end":{"line":13,"column":34}},"type":"binary-expr","locations":[{"start":{"line":13,"column":22},"end":{"line":13,"column":28}},{"start":{"line":13,"column":32},"end":{"line":13,"column":34}}],"line":13},"1":{"loc":{"start":{"line":19,"column":8},"end":{"line":21,"column":9}},"type":"if","locations":[{"start":{"line":19,"column":8},"end":{"line":21,"column":9}},{"start":{"line":19,"column":8},"end":{"line":21,"column":9}}],"line":19}},"s":{"0":3,"1":3,"2":3,"3":3,"4":2,"5":2,"6":1,"7":1,"8":0,"9":1,"10":1,"11":3},"f":{"0":2,"1":1},"b":{"0":[2,1],"1":[0,1]},"_coverageSchema":"1a1c01bbd47fc00a2c39e90264f33305004495a9","hash":"1b31bdaa023da58700abbd8499fe1a0e5fea0ca8"}
,"E:\\00_dev\\miniupl\\src\\BaseUpload.js": {"path":"E:\\00_dev\\miniupl\\src\\BaseUpload.js","statementMap":{"0":{"start":{"line":1,"column":21},"end":{"line":1,"column":51}},"1":{"start":{"line":2,"column":10},"end":{"line":2,"column":27}},"2":{"start":{"line":3,"column":15},"end":{"line":3,"column":41}},"3":{"start":{"line":4,"column":24},"end":{"line":4,"column":55}},"4":{"start":{"line":6,"column":0},"end":{"line":190,"column":1}},"5":{"start":{"line":8,"column":8},"end":{"line":8,"column":35}},"6":{"start":{"line":9,"column":8},"end":{"line":9,"column":42}},"7":{"start":{"line":17,"column":8},"end":{"line":20,"column":9}},"8":{"start":{"line":18,"column":12},"end":{"line":18,"column":33}},"9":{"start":{"line":19,"column":12},"end":{"line":19,"column":19}},"10":{"start":{"line":21,"column":8},"end":{"line":30,"column":10}},"11":{"start":{"line":38,"column":27},"end":{"line":38,"column":39}},"12":{"start":{"line":39,"column":8},"end":{"line":41,"column":9}},"13":{"start":{"line":40,"column":12},"end":{"line":40,"column":49}},"14":{"start":{"line":42,"column":8},"end":{"line":42,"column":50}},"15":{"start":{"line":74,"column":8},"end":{"line":74,"column":21}},"16":{"start":{"line":90,"column":8},"end":{"line":90,"column":48}},"17":{"start":{"line":100,"column":27},"end":{"line":100,"column":47}},"18":{"start":{"line":101,"column":8},"end":{"line":103,"column":9}},"19":{"start":{"line":102,"column":12},"end":{"line":102,"column":25}},"20":{"start":{"line":105,"column":25},"end":{"line":105,"column":38}},"21":{"start":{"line":106,"column":8},"end":{"line":108,"column":9}},"22":{"start":{"line":107,"column":12},"end":{"line":107,"column":25}},"23":{"start":{"line":110,"column":8},"end":{"line":110,"column":35}},"24":{"start":{"line":111,"column":8},"end":{"line":111,"column":60}},"25":{"start":{"line":112,"column":8},"end":{"line":120,"column":15}},"26":{"start":{"line":114,"column":16},"end":{"line":114,"column":70}},"27":{"start":{"line":115,"column":16},"end":{"line":115,"column":51}},"28":{"start":{"line":118,"column":16},"end":{"line":118,"column":71}},"29":{"start":{"line":119,"column":16},"end":{"line":119,"column":56}},"30":{"start":{"line":130,"column":8},"end":{"line":130,"column":28}},"31":{"start":{"line":131,"column":8},"end":{"line":131,"column":51}},"32":{"start":{"line":132,"column":8},"end":{"line":138,"column":9}},"33":{"start":{"line":132,"column":20},"end":{"line":132,"column":21}},"34":{"start":{"line":133,"column":12},"end":{"line":137,"column":13}},"35":{"start":{"line":134,"column":16},"end":{"line":134,"column":58}},"36":{"start":{"line":136,"column":16},"end":{"line":136,"column":32}},"37":{"start":{"line":139,"column":8},"end":{"line":139,"column":52}},"38":{"start":{"line":140,"column":8},"end":{"line":140,"column":32}},"39":{"start":{"line":150,"column":8},"end":{"line":150,"column":28}},"40":{"start":{"line":151,"column":8},"end":{"line":151,"column":53}},"41":{"start":{"line":152,"column":8},"end":{"line":154,"column":12}},"42":{"start":{"line":153,"column":12},"end":{"line":153,"column":48}},"43":{"start":{"line":163,"column":25},"end":{"line":163,"column":40}},"44":{"start":{"line":164,"column":8},"end":{"line":164,"column":39}},"45":{"start":{"line":173,"column":23},"end":{"line":173,"column":44}},"46":{"start":{"line":174,"column":8},"end":{"line":174,"column":73}},"47":{"start":{"line":175,"column":8},"end":{"line":175,"column":65}},"48":{"start":{"line":177,"column":8},"end":{"line":180,"column":9}},"49":{"start":{"line":178,"column":12},"end":{"line":178,"column":39}},"50":{"start":{"line":179,"column":12},"end":{"line":179,"column":25}},"51":{"start":{"line":181,"column":8},"end":{"line":181,"column":34}},"52":{"start":{"line":182,"column":25},"end":{"line":182,"column":57}},"53":{"start":{"line":183,"column":8},"end":{"line":187,"column":9}},"54":{"start":{"line":184,"column":12},"end":{"line":184,"column":59}},"55":{"start":{"line":186,"column":12},"end":{"line":186,"column":57}},"56":{"start":{"line":188,"column":8},"end":{"line":188,"column":33}}},"fnMap":{"0":{"name":"(anonymous_0)","decl":{"start":{"line":7,"column":4},"end":{"line":7,"column":5}},"loc":{"start":{"line":7,"column":24},"end":{"line":10,"column":5}},"line":7},"1":{"name":"(anonymous_1)","decl":{"start":{"line":16,"column":4},"end":{"line":16,"column":5}},"loc":{"start":{"line":16,"column":27},"end":{"line":31,"column":5}},"line":16},"2":{"name":"(anonymous_2)","decl":{"start":{"line":37,"column":4},"end":{"line":37,"column":5}},"loc":{"start":{"line":37,"column":21},"end":{"line":43,"column":5}},"line":37},"3":{"name":"(anonymous_3)","decl":{"start":{"line":49,"column":4},"end":{"line":49,"column":5}},"loc":{"start":{"line":49,"column":21},"end":{"line":49,"column":23}},"line":49},"4":{"name":"(anonymous_4)","decl":{"start":{"line":55,"column":4},"end":{"line":55,"column":5}},"loc":{"start":{"line":55,"column":20},"end":{"line":55,"column":22}},"line":55},"5":{"name":"(anonymous_5)","decl":{"start":{"line":61,"column":4},"end":{"line":61,"column":5}},"loc":{"start":{"line":61,"column":43},"end":{"line":61,"column":45}},"line":61},"6":{"name":"(anonymous_6)","decl":{"start":{"line":67,"column":4},"end":{"line":67,"column":5}},"loc":{"start":{"line":67,"column":19},"end":{"line":67,"column":21}},"line":67},"7":{"name":"(anonymous_7)","decl":{"start":{"line":73,"column":4},"end":{"line":73,"column":5}},"loc":{"start":{"line":73,"column":25},"end":{"line":75,"column":5}},"line":73},"8":{"name":"(anonymous_8)","decl":{"start":{"line":81,"column":4},"end":{"line":81,"column":5}},"loc":{"start":{"line":81,"column":23},"end":{"line":81,"column":25}},"line":81},"9":{"name":"(anonymous_9)","decl":{"start":{"line":89,"column":4},"end":{"line":89,"column":5}},"loc":{"start":{"line":89,"column":25},"end":{"line":91,"column":5}},"line":89},"10":{"name":"(anonymous_10)","decl":{"start":{"line":99,"column":4},"end":{"line":99,"column":5}},"loc":{"start":{"line":99,"column":44},"end":{"line":121,"column":5}},"line":99},"11":{"name":"(anonymous_11)","decl":{"start":{"line":113,"column":18},"end":{"line":113,"column":19}},"loc":{"start":{"line":113,"column":24},"end":{"line":116,"column":13}},"line":113},"12":{"name":"(anonymous_12)","decl":{"start":{"line":117,"column":19},"end":{"line":117,"column":20}},"loc":{"start":{"line":117,"column":24},"end":{"line":120,"column":13}},"line":117},"13":{"name":"(anonymous_13)","decl":{"start":{"line":129,"column":4},"end":{"line":129,"column":5}},"loc":{"start":{"line":129,"column":45},"end":{"line":141,"column":5}},"line":129},"14":{"name":"(anonymous_14)","decl":{"start":{"line":149,"column":4},"end":{"line":149,"column":5}},"loc":{"start":{"line":149,"column":47},"end":{"line":155,"column":5}},"line":149},"15":{"name":"(anonymous_15)","decl":{"start":{"line":152,"column":40},"end":{"line":152,"column":41}},"loc":{"start":{"line":152,"column":48},"end":{"line":154,"column":9}},"line":152},"16":{"name":"(anonymous_16)","decl":{"start":{"line":162,"column":4},"end":{"line":162,"column":5}},"loc":{"start":{"line":162,"column":22},"end":{"line":165,"column":5}},"line":162},"17":{"name":"(anonymous_17)","decl":{"start":{"line":172,"column":4},"end":{"line":172,"column":5}},"loc":{"start":{"line":172,"column":20},"end":{"line":189,"column":5}},"line":172}},"branchMap":{"0":{"loc":{"start":{"line":17,"column":8},"end":{"line":20,"column":9}},"type":"if","locations":[{"start":{"line":17,"column":8},"end":{"line":20,"column":9}},{"start":{"line":17,"column":8},"end":{"line":20,"column":9}}],"line":17},"1":{"loc":{"start":{"line":28,"column":17},"end":{"line":28,"column":33}},"type":"binary-expr","locations":[{"start":{"line":28,"column":17},"end":{"line":28,"column":27}},{"start":{"line":28,"column":31},"end":{"line":28,"column":33}}],"line":28},"2":{"loc":{"start":{"line":29,"column":17},"end":{"line":29,"column":33}},"type":"binary-expr","locations":[{"start":{"line":29,"column":17},"end":{"line":29,"column":27}},{"start":{"line":29,"column":31},"end":{"line":29,"column":33}}],"line":29},"3":{"loc":{"start":{"line":39,"column":8},"end":{"line":41,"column":9}},"type":"if","locations":[{"start":{"line":39,"column":8},"end":{"line":41,"column":9}},{"start":{"line":39,"column":8},"end":{"line":41,"column":9}}],"line":39},"4":{"loc":{"start":{"line":42,"column":15},"end":{"line":42,"column":49}},"type":"binary-expr","locations":[{"start":{"line":42,"column":15},"end":{"line":42,"column":43}},{"start":{"line":42,"column":47},"end":{"line":42,"column":49}}],"line":42},"5":{"loc":{"start":{"line":90,"column":15},"end":{"line":90,"column":47}},"type":"binary-expr","locations":[{"start":{"line":90,"column":15},"end":{"line":90,"column":21}},{"start":{"line":90,"column":25},"end":{"line":90,"column":35}},{"start":{"line":90,"column":39},"end":{"line":90,"column":47}}],"line":90},"6":{"loc":{"start":{"line":101,"column":8},"end":{"line":103,"column":9}},"type":"if","locations":[{"start":{"line":101,"column":8},"end":{"line":103,"column":9}},{"start":{"line":101,"column":8},"end":{"line":103,"column":9}}],"line":101},"7":{"loc":{"start":{"line":106,"column":8},"end":{"line":108,"column":9}},"type":"if","locations":[{"start":{"line":106,"column":8},"end":{"line":108,"column":9}},{"start":{"line":106,"column":8},"end":{"line":108,"column":9}}],"line":106},"8":{"loc":{"start":{"line":177,"column":8},"end":{"line":180,"column":9}},"type":"if","locations":[{"start":{"line":177,"column":8},"end":{"line":180,"column":9}},{"start":{"line":177,"column":8},"end":{"line":180,"column":9}}],"line":177},"9":{"loc":{"start":{"line":183,"column":8},"end":{"line":187,"column":9}},"type":"if","locations":[{"start":{"line":183,"column":8},"end":{"line":187,"column":9}},{"start":{"line":183,"column":8},"end":{"line":187,"column":9}}],"line":183}},"s":{"0":4,"1":4,"2":4,"3":4,"4":4,"5":6,"6":6,"7":9,"8":6,"9":6,"10":3,"11":10,"12":10,"13":6,"14":4,"15":2,"16":18,"17":18,"18":18,"19":0,"20":18,"21":18,"22":0,"23":18,"24":18,"25":18,"26":12,"27":12,"28":0,"29":0,"30":1,"31":1,"32":1,"33":1,"34":6,"35":6,"36":0,"37":1,"38":1,"39":2,"40":2,"41":2,"42":12,"43":3,"44":3,"45":3,"46":3,"47":3,"48":3,"49":0,"50":0,"51":3,"52":3,"53":3,"54":2,"55":1,"56":2},"f":{"0":6,"1":9,"2":10,"3":0,"4":0,"5":0,"6":0,"7":2,"8":0,"9":18,"10":18,"11":12,"12":0,"13":1,"14":2,"15":12,"16":3,"17":3},"b":{"0":[6,3],"1":[3,0],"2":[3,0],"3":[6,4],"4":[4,0],"5":[18,18,18],"6":[0,18],"7":[0,18],"8":[0,3],"9":[2,1]},"_coverageSchema":"1a1c01bbd47fc00a2c39e90264f33305004495a9","hash":"2e0bc9810607042fb3b882860c6abfe70a28c941"}
,"E:\\00_dev\\miniupl\\src\\ftp.js": {"path":"E:\\00_dev\\miniupl\\src\\ftp.js","statementMap":{"0":{"start":{"line":2,"column":18},"end":{"line":2,"column":32}},"1":{"start":{"line":3,"column":13},"end":{"line":3,"column":28}},"2":{"start":{"line":4,"column":19},"end":{"line":4,"column":42}},"3":{"start":{"line":5,"column":21},"end":{"line":5,"column":52}},"4":{"start":{"line":6,"column":15},"end":{"line":6,"column":41}},"5":{"start":{"line":10,"column":8},"end":{"line":10,"column":21}},"6":{"start":{"line":11,"column":8},"end":{"line":11,"column":29}},"7":{"start":{"line":15,"column":8},"end":{"line":17,"column":9}},"8":{"start":{"line":16,"column":12},"end":{"line":16,"column":48}},"9":{"start":{"line":18,"column":8},"end":{"line":18,"column":33}},"10":{"start":{"line":22,"column":8},"end":{"line":22,"column":32}},"11":{"start":{"line":23,"column":23},"end":{"line":23,"column":37}},"12":{"start":{"line":24,"column":26},"end":{"line":24,"column":30}},"13":{"start":{"line":25,"column":8},"end":{"line":27,"column":11}},"14":{"start":{"line":26,"column":12},"end":{"line":26,"column":57}},"15":{"start":{"line":28,"column":8},"end":{"line":28,"column":27}},"16":{"start":{"line":32,"column":27},"end":{"line":32,"column":47}},"17":{"start":{"line":33,"column":8},"end":{"line":42,"column":9}},"18":{"start":{"line":34,"column":12},"end":{"line":34,"column":46}},"19":{"start":{"line":35,"column":12},"end":{"line":35,"column":61}},"20":{"start":{"line":36,"column":12},"end":{"line":36,"column":48}},"21":{"start":{"line":37,"column":12},"end":{"line":37,"column":24}},"22":{"start":{"line":39,"column":12},"end":{"line":39,"column":77}},"23":{"start":{"line":40,"column":12},"end":{"line":40,"column":47}},"24":{"start":{"line":41,"column":12},"end":{"line":41,"column":25}},"25":{"start":{"line":46,"column":8},"end":{"line":48,"column":9}},"26":{"start":{"line":47,"column":12},"end":{"line":47,"column":25}},"27":{"start":{"line":49,"column":22},"end":{"line":49,"column":51}},"28":{"start":{"line":50,"column":8},"end":{"line":54,"column":10}},"29":{"start":{"line":52,"column":16},"end":{"line":52,"column":67}},"30":{"start":{"line":55,"column":8},"end":{"line":55,"column":20}},"31":{"start":{"line":59,"column":8},"end":{"line":65,"column":11}},"32":{"start":{"line":60,"column":12},"end":{"line":64,"column":14}},"33":{"start":{"line":63,"column":25},"end":{"line":63,"column":54}},"34":{"start":{"line":69,"column":8},"end":{"line":69,"column":32}},"35":{"start":{"line":70,"column":8},"end":{"line":70,"column":33}},"36":{"start":{"line":71,"column":8},"end":{"line":71,"column":40}},"37":{"start":{"line":72,"column":8},"end":{"line":72,"column":65}},"38":{"start":{"line":76,"column":0},"end":{"line":76,"column":27}}},"fnMap":{"0":{"name":"(anonymous_0)","decl":{"start":{"line":9,"column":4},"end":{"line":9,"column":5}},"loc":{"start":{"line":9,"column":23},"end":{"line":12,"column":5}},"line":9},"1":{"name":"(anonymous_1)","decl":{"start":{"line":14,"column":4},"end":{"line":14,"column":5}},"loc":{"start":{"line":14,"column":21},"end":{"line":19,"column":5}},"line":14},"2":{"name":"(anonymous_2)","decl":{"start":{"line":21,"column":4},"end":{"line":21,"column":5}},"loc":{"start":{"line":21,"column":32},"end":{"line":29,"column":5}},"line":21},"3":{"name":"(anonymous_3)","decl":{"start":{"line":25,"column":25},"end":{"line":25,"column":26}},"loc":{"start":{"line":25,"column":33},"end":{"line":27,"column":9}},"line":25},"4":{"name":"(anonymous_4)","decl":{"start":{"line":31,"column":4},"end":{"line":31,"column":5}},"loc":{"start":{"line":31,"column":26},"end":{"line":43,"column":5}},"line":31},"5":{"name":"(anonymous_5)","decl":{"start":{"line":45,"column":4},"end":{"line":45,"column":5}},"loc":{"start":{"line":45,"column":51},"end":{"line":56,"column":5}},"line":45},"6":{"name":"(anonymous_6)","decl":{"start":{"line":51,"column":12},"end":{"line":51,"column":13}},"loc":{"start":{"line":51,"column":19},"end":{"line":53,"column":13}},"line":51},"7":{"name":"(anonymous_7)","decl":{"start":{"line":58,"column":4},"end":{"line":58,"column":5}},"loc":{"start":{"line":58,"column":49},"end":{"line":66,"column":5}},"line":58},"8":{"name":"(anonymous_8)","decl":{"start":{"line":59,"column":27},"end":{"line":59,"column":28}},"loc":{"start":{"line":59,"column":48},"end":{"line":65,"column":9}},"line":59},"9":{"name":"(anonymous_9)","decl":{"start":{"line":63,"column":16},"end":{"line":63,"column":17}},"loc":{"start":{"line":63,"column":25},"end":{"line":63,"column":54}},"line":63},"10":{"name":"(anonymous_10)","decl":{"start":{"line":68,"column":4},"end":{"line":68,"column":5}},"loc":{"start":{"line":68,"column":19},"end":{"line":73,"column":5}},"line":68}},"branchMap":{"0":{"loc":{"start":{"line":15,"column":8},"end":{"line":17,"column":9}},"type":"if","locations":[{"start":{"line":15,"column":8},"end":{"line":17,"column":9}},{"start":{"line":15,"column":8},"end":{"line":17,"column":9}}],"line":15},"1":{"loc":{"start":{"line":22,"column":18},"end":{"line":22,"column":31}},"type":"binary-expr","locations":[{"start":{"line":22,"column":18},"end":{"line":22,"column":25}},{"start":{"line":22,"column":29},"end":{"line":22,"column":31}}],"line":22},"2":{"loc":{"start":{"line":26,"column":26},"end":{"line":26,"column":56}},"type":"binary-expr","locations":[{"start":{"line":26,"column":26},"end":{"line":26,"column":37}},{"start":{"line":26,"column":41},"end":{"line":26,"column":56}}],"line":26},"3":{"loc":{"start":{"line":39,"column":12},"end":{"line":39,"column":76}},"type":"binary-expr","locations":[{"start":{"line":39,"column":12},"end":{"line":39,"column":13}},{"start":{"line":39,"column":17},"end":{"line":39,"column":76}}],"line":39},"4":{"loc":{"start":{"line":46,"column":8},"end":{"line":48,"column":9}},"type":"if","locations":[{"start":{"line":46,"column":8},"end":{"line":48,"column":9}},{"start":{"line":46,"column":8},"end":{"line":48,"column":9}}],"line":46},"5":{"loc":{"start":{"line":52,"column":16},"end":{"line":52,"column":66}},"type":"binary-expr","locations":[{"start":{"line":52,"column":16},"end":{"line":52,"column":17}},{"start":{"line":52,"column":21},"end":{"line":52,"column":66}}],"line":52},"6":{"loc":{"start":{"line":63,"column":25},"end":{"line":63,"column":54}},"type":"cond-expr","locations":[{"start":{"line":63,"column":31},"end":{"line":63,"column":42}},{"start":{"line":63,"column":45},"end":{"line":63,"column":54}}],"line":63}},"s":{"0":3,"1":3,"2":3,"3":3,"4":3,"5":3,"6":3,"7":17,"8":3,"9":17,"10":6,"11":6,"12":6,"13":6,"14":12,"15":6,"16":2,"17":2,"18":2,"19":2,"20":2,"21":2,"22":0,"23":0,"24":0,"25":12,"26":0,"27":12,"28":12,"29":6,"30":12,"31":12,"32":12,"33":6,"34":1,"35":1,"36":1,"37":1,"38":3},"f":{"0":3,"1":17,"2":6,"3":12,"4":2,"5":12,"6":6,"7":12,"8":12,"9":6,"10":1},"b":{"0":[3,14],"1":[6,2],"2":[12,9],"3":[0,0],"4":[0,12],"5":[6,0],"6":[0,6]},"_coverageSchema":"1a1c01bbd47fc00a2c39e90264f33305004495a9","hash":"a6849568621b5cc682ca1602c84126116f9d3c3e"}
,"E:\\00_dev\\miniupl\\src\\sftp.js": {"path":"E:\\00_dev\\miniupl\\src\\sftp.js","statementMap":{"0":{"start":{"line":2,"column":18},"end":{"line":2,"column":45}},"1":{"start":{"line":3,"column":13},"end":{"line":3,"column":28}},"2":{"start":{"line":4,"column":19},"end":{"line":4,"column":42}},"3":{"start":{"line":5,"column":21},"end":{"line":5,"column":52}},"4":{"start":{"line":6,"column":15},"end":{"line":6,"column":41}},"5":{"start":{"line":9,"column":8},"end":{"line":9,"column":21}},"6":{"start":{"line":10,"column":8},"end":{"line":10,"column":29}},"7":{"start":{"line":14,"column":8},"end":{"line":16,"column":9}},"8":{"start":{"line":15,"column":12},"end":{"line":15,"column":48}},"9":{"start":{"line":17,"column":8},"end":{"line":17,"column":33}},"10":{"start":{"line":21,"column":8},"end":{"line":21,"column":32}},"11":{"start":{"line":22,"column":23},"end":{"line":22,"column":61}},"12":{"start":{"line":23,"column":26},"end":{"line":23,"column":30}},"13":{"start":{"line":24,"column":8},"end":{"line":26,"column":11}},"14":{"start":{"line":25,"column":12},"end":{"line":25,"column":57}},"15":{"start":{"line":27,"column":8},"end":{"line":27,"column":27}},"16":{"start":{"line":31,"column":27},"end":{"line":31,"column":47}},"17":{"start":{"line":32,"column":23},"end":{"line":32,"column":49}},"18":{"start":{"line":33,"column":8},"end":{"line":43,"column":9}},"19":{"start":{"line":34,"column":12},"end":{"line":34,"column":46}},"20":{"start":{"line":35,"column":12},"end":{"line":35,"column":61}},"21":{"start":{"line":36,"column":12},"end":{"line":36,"column":50}},"22":{"start":{"line":37,"column":12},"end":{"line":37,"column":48}},"23":{"start":{"line":38,"column":12},"end":{"line":38,"column":24}},"24":{"start":{"line":40,"column":12},"end":{"line":40,"column":47}},"25":{"start":{"line":41,"column":12},"end":{"line":41,"column":59}},"26":{"start":{"line":42,"column":12},"end":{"line":42,"column":25}},"27":{"start":{"line":47,"column":8},"end":{"line":49,"column":9}},"28":{"start":{"line":48,"column":12},"end":{"line":48,"column":25}},"29":{"start":{"line":50,"column":22},"end":{"line":50,"column":51}},"30":{"start":{"line":51,"column":8},"end":{"line":57,"column":9}},"31":{"start":{"line":52,"column":12},"end":{"line":52,"column":58}},"32":{"start":{"line":53,"column":12},"end":{"line":53,"column":24}},"33":{"start":{"line":55,"column":12},"end":{"line":55,"column":63}},"34":{"start":{"line":56,"column":12},"end":{"line":56,"column":25}},"35":{"start":{"line":61,"column":25},"end":{"line":61,"column":38}},"36":{"start":{"line":62,"column":8},"end":{"line":62,"column":52}},"37":{"start":{"line":66,"column":8},"end":{"line":66,"column":32}},"38":{"start":{"line":67,"column":8},"end":{"line":67,"column":33}},"39":{"start":{"line":68,"column":8},"end":{"line":68,"column":40}},"40":{"start":{"line":69,"column":8},"end":{"line":69,"column":65}},"41":{"start":{"line":73,"column":0},"end":{"line":73,"column":28}}},"fnMap":{"0":{"name":"(anonymous_0)","decl":{"start":{"line":8,"column":4},"end":{"line":8,"column":5}},"loc":{"start":{"line":8,"column":23},"end":{"line":11,"column":5}},"line":8},"1":{"name":"(anonymous_1)","decl":{"start":{"line":13,"column":4},"end":{"line":13,"column":5}},"loc":{"start":{"line":13,"column":21},"end":{"line":18,"column":5}},"line":13},"2":{"name":"(anonymous_2)","decl":{"start":{"line":20,"column":4},"end":{"line":20,"column":5}},"loc":{"start":{"line":20,"column":32},"end":{"line":28,"column":5}},"line":20},"3":{"name":"(anonymous_3)","decl":{"start":{"line":24,"column":25},"end":{"line":24,"column":26}},"loc":{"start":{"line":24,"column":33},"end":{"line":26,"column":9}},"line":24},"4":{"name":"(anonymous_4)","decl":{"start":{"line":30,"column":4},"end":{"line":30,"column":5}},"loc":{"start":{"line":30,"column":26},"end":{"line":44,"column":5}},"line":30},"5":{"name":"(anonymous_5)","decl":{"start":{"line":46,"column":4},"end":{"line":46,"column":5}},"loc":{"start":{"line":46,"column":51},"end":{"line":58,"column":5}},"line":46},"6":{"name":"(anonymous_6)","decl":{"start":{"line":60,"column":4},"end":{"line":60,"column":5}},"loc":{"start":{"line":60,"column":43},"end":{"line":63,"column":5}},"line":60},"7":{"name":"(anonymous_7)","decl":{"start":{"line":65,"column":4},"end":{"line":65,"column":5}},"loc":{"start":{"line":65,"column":19},"end":{"line":70,"column":5}},"line":65}},"branchMap":{"0":{"loc":{"start":{"line":14,"column":8},"end":{"line":16,"column":9}},"type":"if","locations":[{"start":{"line":14,"column":8},"end":{"line":16,"column":9}},{"start":{"line":14,"column":8},"end":{"line":16,"column":9}}],"line":14},"1":{"loc":{"start":{"line":21,"column":18},"end":{"line":21,"column":31}},"type":"binary-expr","locations":[{"start":{"line":21,"column":18},"end":{"line":21,"column":25}},{"start":{"line":21,"column":29},"end":{"line":21,"column":31}}],"line":21},"2":{"loc":{"start":{"line":25,"column":26},"end":{"line":25,"column":56}},"type":"binary-expr","locations":[{"start":{"line":25,"column":26},"end":{"line":25,"column":37}},{"start":{"line":25,"column":41},"end":{"line":25,"column":56}}],"line":25},"3":{"loc":{"start":{"line":47,"column":8},"end":{"line":49,"column":9}},"type":"if","locations":[{"start":{"line":47,"column":8},"end":{"line":49,"column":9}},{"start":{"line":47,"column":8},"end":{"line":49,"column":9}}],"line":47},"4":{"loc":{"start":{"line":55,"column":12},"end":{"line":55,"column":62}},"type":"binary-expr","locations":[{"start":{"line":55,"column":12},"end":{"line":55,"column":13}},{"start":{"line":55,"column":17},"end":{"line":55,"column":62}}],"line":55}},"s":{"0":3,"1":3,"2":3,"3":3,"4":3,"5":2,"6":2,"7":9,"8":2,"9":9,"10":5,"11":5,"12":5,"13":5,"14":20,"15":5,"16":1,"17":1,"18":1,"19":1,"20":1,"21":1,"22":1,"23":1,"24":0,"25":0,"26":0,"27":6,"28":0,"29":6,"30":6,"31":6,"32":6,"33":0,"34":0,"35":6,"36":6,"37":1,"38":1,"39":1,"40":1,"41":3},"f":{"0":2,"1":9,"2":5,"3":20,"4":1,"5":6,"6":6,"7":1},"b":{"0":[2,7],"1":[5,2],"2":[20,13],"3":[0,6],"4":[0,0]},"_coverageSchema":"1a1c01bbd47fc00a2c39e90264f33305004495a9","hash":"9dd39b5971fb0859903997a333c09eb77de0e15a"}
,"E:\\00_dev\\miniupl\\utils\\defaults.js": {"path":"E:\\00_dev\\miniupl\\utils\\defaults.js","statementMap":{"0":{"start":{"line":1,"column":23},"end":{"line":20,"column":1}},"1":{"start":{"line":22,"column":0},"end":{"line":22,"column":32}}},"fnMap":{},"branchMap":{},"s":{"0":3,"1":3},"f":{},"b":{},"_coverageSchema":"1a1c01bbd47fc00a2c39e90264f33305004495a9","hash":"0592600fa6d778a1fa0a8e6999e5e553a00fa892"}
,"E:\\00_dev\\miniupl\\utils\\fileHandler.js": {"path":"E:\\00_dev\\miniupl\\utils\\fileHandler.js","statementMap":{"0":{"start":{"line":1,"column":11},"end":{"line":1,"column":24}},"1":{"start":{"line":2,"column":13},"end":{"line":2,"column":28}},"2":{"start":{"line":3,"column":13},"end":{"line":3,"column":28}},"3":{"start":{"line":4,"column":15},"end":{"line":4,"column":34}},"4":{"start":{"line":7,"column":4},"end":{"line":7,"column":48}},"5":{"start":{"line":16,"column":4},"end":{"line":18,"column":5}},"6":{"start":{"line":17,"column":8},"end":{"line":17,"column":21}},"7":{"start":{"line":19,"column":4},"end":{"line":19,"column":36}},"8":{"start":{"line":28,"column":4},"end":{"line":30,"column":5}},"9":{"start":{"line":29,"column":8},"end":{"line":29,"column":21}},"10":{"start":{"line":31,"column":4},"end":{"line":31,"column":47}},"11":{"start":{"line":40,"column":4},"end":{"line":42,"column":5}},"12":{"start":{"line":41,"column":8},"end":{"line":41,"column":21}},"13":{"start":{"line":43,"column":4},"end":{"line":43,"column":42}},"14":{"start":{"line":53,"column":19},"end":{"line":53,"column":21}},"15":{"start":{"line":54,"column":4},"end":{"line":56,"column":5}},"16":{"start":{"line":55,"column":8},"end":{"line":55,"column":24}},"17":{"start":{"line":57,"column":4},"end":{"line":69,"column":7}},"18":{"start":{"line":58,"column":28},"end":{"line":58,"column":73}},"19":{"start":{"line":59,"column":29},"end":{"line":59,"column":75}},"20":{"start":{"line":61,"column":8},"end":{"line":68,"column":9}},"21":{"start":{"line":62,"column":12},"end":{"line":62,"column":85}},"22":{"start":{"line":64,"column":12},"end":{"line":67,"column":15}},"23":{"start":{"line":70,"column":4},"end":{"line":70,"column":20}},"24":{"start":{"line":80,"column":4},"end":{"line":82,"column":5}},"25":{"start":{"line":81,"column":8},"end":{"line":81,"column":18}},"26":{"start":{"line":83,"column":4},"end":{"line":83,"column":38}},"27":{"start":{"line":84,"column":21},"end":{"line":84,"column":41}},"28":{"start":{"line":85,"column":19},"end":{"line":85,"column":44}},"29":{"start":{"line":86,"column":14},"end":{"line":86,"column":16}},"30":{"start":{"line":87,"column":4},"end":{"line":97,"column":7}},"31":{"start":{"line":88,"column":8},"end":{"line":96,"column":9}},"32":{"start":{"line":89,"column":12},"end":{"line":89,"column":66}},"33":{"start":{"line":91,"column":31},"end":{"line":91,"column":64}},"34":{"start":{"line":92,"column":12},"end":{"line":95,"column":15}},"35":{"start":{"line":98,"column":4},"end":{"line":98,"column":15}},"36":{"start":{"line":108,"column":4},"end":{"line":108,"column":52}},"37":{"start":{"line":109,"column":4},"end":{"line":109,"column":40}},"38":{"start":{"line":110,"column":4},"end":{"line":112,"column":48}},"39":{"start":{"line":115,"column":0},"end":{"line":123,"column":1}}},"fnMap":{"0":{"name":"formatPath","decl":{"start":{"line":6,"column":9},"end":{"line":6,"column":19}},"loc":{"start":{"line":6,"column":31},"end":{"line":8,"column":1}},"line":6},"1":{"name":"loaclPathExits","decl":{"start":{"line":15,"column":9},"end":{"line":15,"column":23}},"loc":{"start":{"line":15,"column":36},"end":{"line":20,"column":1}},"line":15},"2":{"name":"isDirectory","decl":{"start":{"line":27,"column":9},"end":{"line":27,"column":20}},"loc":{"start":{"line":27,"column":32},"end":{"line":32,"column":1}},"line":27},"3":{"name":"isFile","decl":{"start":{"line":39,"column":9},"end":{"line":39,"column":15}},"loc":{"start":{"line":39,"column":27},"end":{"line":44,"column":1}},"line":39},"4":{"name":"createDirList","decl":{"start":{"line":52,"column":9},"end":{"line":52,"column":22}},"loc":{"start":{"line":52,"column":53},"end":{"line":71,"column":1}},"line":52},"5":{"name":"(anonymous_5)","decl":{"start":{"line":57,"column":41},"end":{"line":57,"column":42}},"loc":{"start":{"line":57,"column":53},"end":{"line":69,"column":5}},"line":57},"6":{"name":"createGlobList","decl":{"start":{"line":79,"column":9},"end":{"line":79,"column":23}},"loc":{"start":{"line":79,"column":48},"end":{"line":99,"column":1}},"line":79},"7":{"name":"(anonymous_7)","decl":{"start":{"line":87,"column":23},"end":{"line":87,"column":24}},"loc":{"start":{"line":87,"column":35},"end":{"line":97,"column":5}},"line":87},"8":{"name":"getUploadList","decl":{"start":{"line":107,"column":9},"end":{"line":107,"column":22}},"loc":{"start":{"line":107,"column":47},"end":{"line":113,"column":1}},"line":107}},"branchMap":{"0":{"loc":{"start":{"line":16,"column":4},"end":{"line":18,"column":5}},"type":"if","locations":[{"start":{"line":16,"column":4},"end":{"line":18,"column":5}},{"start":{"line":16,"column":4},"end":{"line":18,"column":5}}],"line":16},"1":{"loc":{"start":{"line":28,"column":4},"end":{"line":30,"column":5}},"type":"if","locations":[{"start":{"line":28,"column":4},"end":{"line":30,"column":5}},{"start":{"line":28,"column":4},"end":{"line":30,"column":5}}],"line":28},"2":{"loc":{"start":{"line":40,"column":4},"end":{"line":42,"column":5}},"type":"if","locations":[{"start":{"line":40,"column":4},"end":{"line":42,"column":5}},{"start":{"line":40,"column":4},"end":{"line":42,"column":5}}],"line":40},"3":{"loc":{"start":{"line":54,"column":4},"end":{"line":56,"column":5}},"type":"if","locations":[{"start":{"line":54,"column":4},"end":{"line":56,"column":5}},{"start":{"line":54,"column":4},"end":{"line":56,"column":5}}],"line":54},"4":{"loc":{"start":{"line":54,"column":8},"end":{"line":54,"column":39}},"type":"binary-expr","locations":[{"start":{"line":54,"column":8},"end":{"line":54,"column":21}},{"start":{"line":54,"column":25},"end":{"line":54,"column":39}}],"line":54},"5":{"loc":{"start":{"line":61,"column":8},"end":{"line":68,"column":9}},"type":"if","locations":[{"start":{"line":61,"column":8},"end":{"line":68,"column":9}},{"start":{"line":61,"column":8},"end":{"line":68,"column":9}}],"line":61},"6":{"loc":{"start":{"line":80,"column":4},"end":{"line":82,"column":5}},"type":"if","locations":[{"start":{"line":80,"column":4},"end":{"line":82,"column":5}},{"start":{"line":80,"column":4},"end":{"line":82,"column":5}}],"line":80},"7":{"loc":{"start":{"line":80,"column":8},"end":{"line":80,"column":33}},"type":"binary-expr","locations":[{"start":{"line":80,"column":8},"end":{"line":80,"column":18}},{"start":{"line":80,"column":22},"end":{"line":80,"column":33}}],"line":80},"8":{"loc":{"start":{"line":88,"column":8},"end":{"line":96,"column":9}},"type":"if","locations":[{"start":{"line":88,"column":8},"end":{"line":96,"column":9}},{"start":{"line":88,"column":8},"end":{"line":96,"column":9}}],"line":88},"9":{"loc":{"start":{"line":110,"column":11},"end":{"line":112,"column":47}},"type":"cond-expr","locations":[{"start":{"line":111,"column":10},"end":{"line":111,"column":46}},{"start":{"line":112,"column":10},"end":{"line":112,"column":47}}],"line":110}},"s":{"0":5,"1":5,"2":5,"3":5,"4":151,"5":81,"6":4,"7":77,"8":71,"9":9,"10":62,"11":6,"12":2,"13":4,"14":24,"15":24,"16":0,"17":24,"18":48,"19":48,"20":48,"21":18,"22":30,"23":24,"24":6,"25":0,"26":6,"27":6,"28":6,"29":6,"30":6,"31":12,"32":6,"33":6,"34":6,"35":6,"36":6,"37":6,"38":6,"39":5},"f":{"0":151,"1":81,"2":71,"3":6,"4":24,"5":48,"6":6,"7":12,"8":6},"b":{"0":[4,77],"1":[9,62],"2":[2,4],"3":[0,24],"4":[24,24],"5":[18,30],"6":[0,6],"7":[6,6],"8":[6,6],"9":[0,6]},"_coverageSchema":"1a1c01bbd47fc00a2c39e90264f33305004495a9","hash":"b731d460a902a93c160cd908818da9053640271b"}
,"E:\\00_dev\\miniupl\\utils\\logger.js": {"path":"E:\\00_dev\\miniupl\\utils\\logger.js","statementMap":{"0":{"start":{"line":1,"column":15},"end":{"line":1,"column":32}},"1":{"start":{"line":2,"column":15},"end":{"line":2,"column":33}},"2":{"start":{"line":3,"column":0},"end":{"line":3,"column":23}},"3":{"start":{"line":4,"column":0},"end":{"line":4,"column":24}}},"fnMap":{},"branchMap":{},"s":{"0":5,"1":5,"2":5,"3":5},"f":{},"b":{},"_coverageSchema":"1a1c01bbd47fc00a2c39e90264f33305004495a9","hash":"b094f1145af541e30d2df73ce0cbb37d76f914a0"}
}
