TN:
SF:index.js
FN:12,(anonymous_0)
FN:17,(anonymous_1)
FNF:2
FNH:2
FNDA:2,(anonymous_0)
FNDA:1,(anonymous_1)
DA:2,3
DA:3,3
DA:4,3
DA:6,3
DA:13,2
DA:14,2
DA:18,1
DA:19,1
DA:20,0
DA:22,1
DA:23,1
DA:27,3
LF:12
LH:11
BRDA:13,0,0,2
BRDA:13,0,1,1
BRDA:19,1,0,0
BRDA:19,1,1,1
BRF:4
BRH:3
end_of_record
TN:
SF:src\BaseUpload.js
FN:7,(anonymous_0)
FN:16,(anonymous_1)
FN:37,(anonymous_2)
FN:49,(anonymous_3)
FN:55,(anonymous_4)
FN:61,(anonymous_5)
FN:67,(anonymous_6)
FN:73,(anonymous_7)
FN:81,(anonymous_8)
FN:89,(anonymous_9)
FN:99,(anonymous_10)
FN:113,(anonymous_11)
FN:117,(anonymous_12)
FN:129,(anonymous_13)
FN:149,(anonymous_14)
FN:152,(anonymous_15)
FN:162,(anonymous_16)
FN:172,(anonymous_17)
FNF:18
FNH:12
FNDA:6,(anonymous_0)
FNDA:9,(anonymous_1)
FNDA:10,(anonymous_2)
FNDA:0,(anonymous_3)
FNDA:0,(anonymous_4)
FNDA:0,(anonymous_5)
FNDA:0,(anonymous_6)
FNDA:2,(anonymous_7)
FNDA:0,(anonymous_8)
FNDA:18,(anonymous_9)
FNDA:18,(anonymous_10)
FNDA:12,(anonymous_11)
FNDA:0,(anonymous_12)
FNDA:1,(anonymous_13)
FNDA:2,(anonymous_14)
FNDA:12,(anonymous_15)
FNDA:3,(anonymous_16)
FNDA:3,(anonymous_17)
DA:1,4
DA:2,4
DA:3,4
DA:4,4
DA:6,4
DA:8,6
DA:9,6
DA:17,9
DA:18,6
DA:19,6
DA:21,3
DA:38,10
DA:39,10
DA:40,6
DA:42,4
DA:74,2
DA:90,18
DA:100,18
DA:101,18
DA:102,0
DA:105,18
DA:106,18
DA:107,0
DA:110,18
DA:111,18
DA:112,18
DA:114,12
DA:115,12
DA:118,0
DA:119,0
DA:130,1
DA:131,1
DA:132,1
DA:133,6
DA:134,6
DA:136,0
DA:139,1
DA:140,1
DA:150,2
DA:151,2
DA:152,2
DA:153,12
DA:163,3
DA:164,3
DA:173,3
DA:174,3
DA:175,3
DA:177,3
DA:178,0
DA:179,0
DA:181,3
DA:182,3
DA:183,3
DA:184,2
DA:186,1
DA:188,2
LF:56
LH:49
BRDA:17,0,0,6
BRDA:17,0,1,3
BRDA:28,1,0,3
BRDA:28,1,1,0
BRDA:29,2,0,3
BRDA:29,2,1,0
BRDA:39,3,0,6
BRDA:39,3,1,4
BRDA:42,4,0,4
BRDA:42,4,1,0
BRDA:90,5,0,18
BRDA:90,5,1,18
BRDA:90,5,2,18
BRDA:101,6,0,0
BRDA:101,6,1,18
BRDA:106,7,0,0
BRDA:106,7,1,18
BRDA:177,8,0,0
BRDA:177,8,1,3
BRDA:183,9,0,2
BRDA:183,9,1,1
BRF:21
BRH:15
end_of_record
TN:
SF:src\ftp.js
FN:9,(anonymous_0)
FN:14,(anonymous_1)
FN:21,(anonymous_2)
FN:25,(anonymous_3)
FN:31,(anonymous_4)
FN:45,(anonymous_5)
FN:51,(anonymous_6)
FN:58,(anonymous_7)
FN:59,(anonymous_8)
FN:63,(anonymous_9)
FN:68,(anonymous_10)
FNF:11
FNH:11
FNDA:3,(anonymous_0)
FNDA:17,(anonymous_1)
FNDA:6,(anonymous_2)
FNDA:12,(anonymous_3)
FNDA:2,(anonymous_4)
FNDA:12,(anonymous_5)
FNDA:6,(anonymous_6)
FNDA:12,(anonymous_7)
FNDA:12,(anonymous_8)
FNDA:6,(anonymous_9)
FNDA:1,(anonymous_10)
DA:2,3
DA:3,3
DA:4,3
DA:5,3
DA:6,3
DA:10,3
DA:11,3
DA:15,17
DA:16,3
DA:18,17
DA:22,6
DA:23,6
DA:24,6
DA:25,6
DA:26,12
DA:28,6
DA:32,2
DA:33,2
DA:34,2
DA:35,2
DA:36,2
DA:37,2
DA:39,0
DA:40,0
DA:41,0
DA:46,12
DA:47,0
DA:49,12
DA:50,12
DA:52,6
DA:55,12
DA:59,12
DA:60,12
DA:63,6
DA:69,1
DA:70,1
DA:71,1
DA:72,1
DA:76,3
LF:39
LH:35
BRDA:15,0,0,3
BRDA:15,0,1,14
BRDA:22,1,0,6
BRDA:22,1,1,2
BRDA:26,2,0,12
BRDA:26,2,1,9
BRDA:39,3,0,0
BRDA:39,3,1,0
BRDA:46,4,0,0
BRDA:46,4,1,12
BRDA:52,5,0,6
BRDA:52,5,1,0
BRDA:63,6,0,0
BRDA:63,6,1,6
BRF:14
BRH:9
end_of_record
TN:
SF:src\sftp.js
FN:8,(anonymous_0)
FN:13,(anonymous_1)
FN:20,(anonymous_2)
FN:24,(anonymous_3)
FN:30,(anonymous_4)
FN:46,(anonymous_5)
FN:60,(anonymous_6)
FN:65,(anonymous_7)
FNF:8
FNH:8
FNDA:2,(anonymous_0)
FNDA:9,(anonymous_1)
FNDA:5,(anonymous_2)
FNDA:20,(anonymous_3)
FNDA:1,(anonymous_4)
FNDA:6,(anonymous_5)
FNDA:6,(anonymous_6)
FNDA:1,(anonymous_7)
DA:2,3
DA:3,3
DA:4,3
DA:5,3
DA:6,3
DA:9,2
DA:10,2
DA:14,9
DA:15,2
DA:17,9
DA:21,5
DA:22,5
DA:23,5
DA:24,5
DA:25,20
DA:27,5
DA:31,1
DA:32,1
DA:33,1
DA:34,1
DA:35,1
DA:36,1
DA:37,1
DA:38,1
DA:40,0
DA:41,0
DA:42,0
DA:47,6
DA:48,0
DA:50,6
DA:51,6
DA:52,6
DA:53,6
DA:55,0
DA:56,0
DA:61,6
DA:62,6
DA:66,1
DA:67,1
DA:68,1
DA:69,1
DA:73,3
LF:42
LH:36
BRDA:14,0,0,2
BRDA:14,0,1,7
BRDA:21,1,0,5
BRDA:21,1,1,2
BRDA:25,2,0,20
BRDA:25,2,1,13
BRDA:47,3,0,0
BRDA:47,3,1,6
BRDA:55,4,0,0
BRDA:55,4,1,0
BRF:10
BRH:7
end_of_record
TN:
SF:utils\defaults.js
FNF:0
FNH:0
DA:1,3
DA:22,3
LF:2
LH:2
BRF:0
BRH:0
end_of_record
TN:
SF:utils\fileHandler.js
FN:6,formatPath
FN:15,loaclPathExits
FN:27,isDirectory
FN:39,isFile
FN:52,createDirList
FN:57,(anonymous_5)
FN:79,createGlobList
FN:87,(anonymous_7)
FN:107,getUploadList
FNF:9
FNH:9
FNDA:151,formatPath
FNDA:81,loaclPathExits
FNDA:71,isDirectory
FNDA:6,isFile
FNDA:24,createDirList
FNDA:48,(anonymous_5)
FNDA:6,createGlobList
FNDA:12,(anonymous_7)
FNDA:6,getUploadList
DA:1,5
DA:2,5
DA:3,5
DA:4,5
DA:7,151
DA:16,81
DA:17,4
DA:19,77
DA:28,71
DA:29,9
DA:31,62
DA:40,6
DA:41,2
DA:43,4
DA:53,24
DA:54,24
DA:55,0
DA:57,24
DA:58,48
DA:59,48
DA:61,48
DA:62,18
DA:64,30
DA:70,24
DA:80,6
DA:81,0
DA:83,6
DA:84,6
DA:85,6
DA:86,6
DA:87,6
DA:88,12
DA:89,6
DA:91,6
DA:92,6
DA:98,6
DA:108,6
DA:109,6
DA:110,6
DA:115,5
LF:40
LH:38
BRDA:16,0,0,4
BRDA:16,0,1,77
BRDA:28,1,0,9
BRDA:28,1,1,62
BRDA:40,2,0,2
BRDA:40,2,1,4
BRDA:54,3,0,0
BRDA:54,3,1,24
BRDA:54,4,0,24
BRDA:54,4,1,24
BRDA:61,5,0,18
BRDA:61,5,1,30
BRDA:80,6,0,0
BRDA:80,6,1,6
BRDA:80,7,0,6
BRDA:80,7,1,6
BRDA:88,8,0,6
BRDA:88,8,1,6
BRDA:110,9,0,0
BRDA:110,9,1,6
BRF:20
BRH:17
end_of_record
TN:
SF:utils\logger.js
FNF:0
FNH:0
DA:1,5
DA:2,5
DA:3,5
DA:4,5
LF:4
LH:4
BRF:0
BRH:0
end_of_record
