TN:
SF:index.js
FN:7,(anonymous_0)
FN:12,(anonymous_1)
FN:22,(anonymous_2)
FN:29,(anonymous_3)
FN:31,(anonymous_4)
FN:33,(anonymous_5)
FN:35,(anonymous_6)
FNF:7
FNH:4
FNDA:3,(anonymous_0)
FNDA:2,(anonymous_1)
FNDA:6,(anonymous_2)
FNDA:0,(anonymous_3)
FNDA:0,(anonymous_4)
FNDA:0,(anonymous_5)
FNDA:1,(anonymous_6)
DA:1,1
DA:2,1
DA:3,1
DA:4,1
DA:6,1
DA:8,3
DA:9,3
DA:13,2
DA:14,2
DA:15,1
DA:17,2
DA:18,0
DA:23,6
DA:24,0
DA:26,6
DA:36,1
DA:37,1
DA:38,1
DA:39,1
DA:40,1
DA:44,1
DA:45,0
DA:47,1
DA:48,1
LF:24
LH:21
BRDA:8,0,0,3
BRDA:8,0,1,2
BRDA:14,1,0,1
BRDA:14,1,1,1
BRDA:17,2,0,0
BRDA:17,2,1,2
BRDA:23,3,0,0
BRDA:23,3,1,6
BRDA:44,4,0,0
BRDA:44,4,1,1
BRF:10
BRH:7
end_of_record
TN:
SF:src\BaseUpload.js
FN:5,(anonymous_0)
FN:14,(anonymous_1)
FN:33,(anonymous_2)
FN:45,(anonymous_3)
FN:51,(anonymous_4)
FN:57,(anonymous_5)
FN:63,(anonymous_6)
FN:69,(anonymous_7)
FN:77,(anonymous_8)
FN:85,(anonymous_9)
FN:95,(anonymous_10)
FN:109,(anonymous_11)
FN:113,(anonymous_12)
FN:125,(anonymous_13)
FN:145,(anonymous_14)
FN:148,(anonymous_15)
FN:158,(anonymous_16)
FNF:17
FNH:11
FNDA:6,(anonymous_0)
FNDA:9,(anonymous_1)
FNDA:10,(anonymous_2)
FNDA:0,(anonymous_3)
FNDA:0,(anonymous_4)
FNDA:0,(anonymous_5)
FNDA:0,(anonymous_6)
FNDA:2,(anonymous_7)
FNDA:0,(anonymous_8)
FNDA:18,(anonymous_9)
FNDA:18,(anonymous_10)
FNDA:12,(anonymous_11)
FNDA:0,(anonymous_12)
FNDA:1,(anonymous_13)
FNDA:2,(anonymous_14)
FNDA:12,(anonymous_15)
FNDA:3,(anonymous_16)
DA:1,4
DA:2,4
DA:3,4
DA:4,4
DA:6,6
DA:7,6
DA:15,9
DA:16,6
DA:17,6
DA:19,3
DA:34,10
DA:35,10
DA:36,6
DA:38,4
DA:70,2
DA:86,18
DA:96,18
DA:97,18
DA:98,0
DA:101,18
DA:102,18
DA:103,0
DA:106,18
DA:107,18
DA:108,18
DA:110,12
DA:111,12
DA:114,0
DA:115,0
DA:126,1
DA:127,1
DA:128,1
DA:129,6
DA:130,6
DA:132,0
DA:135,1
DA:136,1
DA:146,2
DA:147,2
DA:148,2
DA:149,12
DA:159,3
DA:160,0
DA:161,0
DA:163,3
DA:164,3
DA:165,3
DA:166,2
DA:168,1
DA:170,2
LF:50
LH:43
BRDA:15,0,0,6
BRDA:15,0,1,3
BRDA:35,1,0,6
BRDA:35,1,1,4
BRDA:38,2,0,4
BRDA:38,2,1,0
BRDA:86,3,0,18
BRDA:86,3,1,18
BRDA:86,3,2,18
BRDA:97,4,0,0
BRDA:97,4,1,18
BRDA:102,5,0,0
BRDA:102,5,1,18
BRDA:159,6,0,0
BRDA:159,6,1,3
BRDA:165,7,0,2
BRDA:165,7,1,1
BRF:17
BRH:13
end_of_record
TN:
SF:src\ftp.js
FN:8,(anonymous_0)
FN:13,(anonymous_1)
FN:20,(anonymous_2)
FN:24,(anonymous_3)
FN:30,(anonymous_4)
FN:44,(anonymous_5)
FN:50,(anonymous_6)
FN:57,(anonymous_7)
FN:58,(anonymous_8)
FN:62,(anonymous_9)
FN:67,(anonymous_10)
FNF:11
FNH:11
FNDA:3,(anonymous_0)
FNDA:17,(anonymous_1)
FNDA:6,(anonymous_2)
FNDA:12,(anonymous_3)
FNDA:2,(anonymous_4)
FNDA:12,(anonymous_5)
FNDA:6,(anonymous_6)
FNDA:12,(anonymous_7)
FNDA:12,(anonymous_8)
FNDA:6,(anonymous_9)
FNDA:1,(anonymous_10)
DA:1,2
DA:2,2
DA:3,2
DA:4,2
DA:5,2
DA:9,3
DA:10,3
DA:14,17
DA:15,3
DA:17,17
DA:21,6
DA:22,6
DA:23,6
DA:24,6
DA:25,12
DA:27,6
DA:31,2
DA:32,2
DA:33,2
DA:34,2
DA:35,2
DA:36,2
DA:38,0
DA:39,0
DA:40,0
DA:45,12
DA:46,0
DA:48,12
DA:49,12
DA:51,6
DA:54,12
DA:58,12
DA:59,12
DA:62,6
DA:68,1
DA:69,1
DA:70,1
DA:71,1
DA:75,2
LF:39
LH:35
BRDA:14,0,0,3
BRDA:14,0,1,14
BRDA:21,1,0,6
BRDA:21,1,1,2
BRDA:25,2,0,12
BRDA:25,2,1,9
BRDA:38,3,0,0
BRDA:38,3,1,0
BRDA:45,4,0,0
BRDA:45,4,1,12
BRDA:51,5,0,6
BRDA:51,5,1,0
BRDA:62,6,0,0
BRDA:62,6,1,6
BRF:14
BRH:9
end_of_record
TN:
SF:src\sftp.js
FN:7,(anonymous_0)
FN:12,(anonymous_1)
FN:19,(anonymous_2)
FN:23,(anonymous_3)
FN:29,(anonymous_4)
FN:45,(anonymous_5)
FN:59,(anonymous_6)
FN:64,(anonymous_7)
FNF:8
FNH:8
FNDA:2,(anonymous_0)
FNDA:9,(anonymous_1)
FNDA:5,(anonymous_2)
FNDA:20,(anonymous_3)
FNDA:1,(anonymous_4)
FNDA:6,(anonymous_5)
FNDA:6,(anonymous_6)
FNDA:1,(anonymous_7)
DA:1,2
DA:2,2
DA:3,2
DA:4,2
DA:5,2
DA:8,2
DA:9,2
DA:13,9
DA:14,2
DA:16,9
DA:20,5
DA:21,5
DA:22,5
DA:23,5
DA:24,20
DA:26,5
DA:30,1
DA:31,1
DA:32,1
DA:33,1
DA:34,1
DA:35,1
DA:36,1
DA:37,1
DA:39,0
DA:40,0
DA:41,0
DA:46,6
DA:47,0
DA:49,6
DA:50,6
DA:51,6
DA:52,6
DA:54,0
DA:55,0
DA:60,6
DA:61,6
DA:65,1
DA:66,1
DA:67,1
DA:68,1
DA:72,2
LF:42
LH:36
BRDA:13,0,0,2
BRDA:13,0,1,7
BRDA:20,1,0,5
BRDA:20,1,1,2
BRDA:24,2,0,20
BRDA:24,2,1,13
BRDA:46,3,0,0
BRDA:46,3,1,6
BRDA:54,4,0,0
BRDA:54,4,1,0
BRF:10
BRH:7
end_of_record
TN:
SF:utils\defaults.js
FNF:0
FNH:0
DA:1,4
DA:22,4
LF:2
LH:2
BRF:0
BRH:0
end_of_record
TN:
SF:utils\fileHandler.js
FN:6,formatPath
FN:15,loaclPathExits
FN:27,isDirectory
FN:39,isFile
FN:52,createDirList
FN:57,(anonymous_5)
FN:79,createGlobList
FN:87,(anonymous_7)
FN:107,getUploadList
FNF:9
FNH:9
FNDA:113,formatPath
FNDA:59,loaclPathExits
FNDA:49,isDirectory
FNDA:6,isFile
FNDA:16,createDirList
FNDA:32,(anonymous_5)
FNDA:4,createGlobList
FNDA:8,(anonymous_7)
FNDA:4,getUploadList
DA:1,4
DA:2,4
DA:3,4
DA:4,4
DA:7,113
DA:16,59
DA:17,4
DA:19,55
DA:28,49
DA:29,7
DA:31,42
DA:40,6
DA:41,2
DA:43,4
DA:53,16
DA:54,16
DA:55,0
DA:57,16
DA:58,32
DA:59,32
DA:61,32
DA:62,12
DA:64,20
DA:70,16
DA:80,4
DA:81,0
DA:83,4
DA:84,4
DA:85,4
DA:86,4
DA:87,4
DA:88,8
DA:89,4
DA:91,4
DA:92,4
DA:98,4
DA:108,4
DA:109,4
DA:110,4
DA:115,4
LF:40
LH:38
BRDA:16,0,0,4
BRDA:16,0,1,55
BRDA:28,1,0,7
BRDA:28,1,1,42
BRDA:40,2,0,2
BRDA:40,2,1,4
BRDA:54,3,0,0
BRDA:54,3,1,16
BRDA:54,4,0,16
BRDA:54,4,1,16
BRDA:61,5,0,12
BRDA:61,5,1,20
BRDA:80,6,0,0
BRDA:80,6,1,4
BRDA:80,7,0,4
BRDA:80,7,1,4
BRDA:88,8,0,4
BRDA:88,8,1,4
BRDA:110,9,0,0
BRDA:110,9,1,4
BRF:20
BRH:17
end_of_record
TN:
SF:utils\logger.js
FNF:0
FNH:0
DA:1,5
DA:2,5
DA:3,5
DA:4,5
LF:4
LH:4
BRF:0
BRH:0
end_of_record
